Exception on /mypage/myquestions [GET]
Traceback (most recent call last):
  File "/Users/parkjiyon/Desktop/MSAI6/GitHubConnect/flask_framework/venvs/flask_framwork_project/lib/python3.13/site-packages/sqlalchemy/sql/base.py", line 2181, in _entity_namespace_key
    return getattr(ns, key)  # type: ignore
AttributeError: type object 'Question' has no attribute 'author'

The above exception was the direct cause of the following exception:

Traceback (most recent call last):
  File "/Users/parkjiyon/Desktop/MSAI6/GitHubConnect/flask_framework/venvs/flask_framwork_project/lib/python3.13/site-packages/flask/app.py", line 1511, in wsgi_app
    response = self.full_dispatch_request()
  File "/Users/parkjiyon/Desktop/MSAI6/GitHubConnect/flask_framework/venvs/flask_framwork_project/lib/python3.13/site-packages/flask/app.py", line 919, in full_dispatch_request
    rv = self.handle_user_exception(e)
  File "/Users/parkjiyon/Desktop/MSAI6/GitHubConnect/flask_framework/venvs/flask_framwork_project/lib/python3.13/site-packages/flask/app.py", line 917, in full_dispatch_request
    rv = self.dispatch_request()
  File "/Users/parkjiyon/Desktop/MSAI6/GitHubConnect/flask_framework/venvs/flask_framwork_project/lib/python3.13/site-packages/flask/app.py", line 902, in dispatch_request
    return self.ensure_sync(self.view_functions[rule.endpoint])(**view_args)  # type: ignore[no-any-return]
           ~~~~~~~~~~~~~~~~~~~~~~~~~~~~~~~~~~~~~~~~~~~~~~~~~~~~^^^^^^^^^^^^^
  File "/Users/parkjiyon/Desktop/MSAI6/GitHubConnect/flask_framework/flask_framework_project/app/views/mypage_view.py", line 10, in my_questions
    my_questions = Question.query.filter_by(author=g.user).order_by(Question.create_date.desc()).all()
                   ~~~~~~~~~~~~~~~~~~~~~~~~^^^^^^^^^^^^^^^
  File "/Users/parkjiyon/Desktop/MSAI6/GitHubConnect/flask_framework/venvs/flask_framwork_project/lib/python3.13/site-packages/sqlalchemy/orm/query.py", line 1992, in filter_by
    _entity_namespace_key(from_entity, key) == value
    ~~~~~~~~~~~~~~~~~~~~~^^^^^^^^^^^^^^^^^^
  File "/Users/parkjiyon/Desktop/MSAI6/GitHubConnect/flask_framework/venvs/flask_framwork_project/lib/python3.13/site-packages/sqlalchemy/sql/base.py", line 2183, in _entity_namespace_key
    raise exc.InvalidRequestError(
        'Entity namespace for "%s" has no property "%s"' % (entity, key)
    ) from err
sqlalchemy.exc.InvalidRequestError: Entity namespace for "question" has no property "author"
메인페이지 접근
qlist() 함수
메인페이지 접근
qlist() 함수
Exception on /mypage/myquestions [GET]
Traceback (most recent call last):
  File "/Users/parkjiyon/Desktop/MSAI6/GitHubConnect/flask_framework/venvs/flask_framwork_project/lib/python3.13/site-packages/sqlalchemy/sql/base.py", line 2181, in _entity_namespace_key
    return getattr(ns, key)  # type: ignore
AttributeError: type object 'Question' has no attribute 'author'

The above exception was the direct cause of the following exception:

Traceback (most recent call last):
  File "/Users/parkjiyon/Desktop/MSAI6/GitHubConnect/flask_framework/venvs/flask_framwork_project/lib/python3.13/site-packages/flask/app.py", line 1511, in wsgi_app
    response = self.full_dispatch_request()
  File "/Users/parkjiyon/Desktop/MSAI6/GitHubConnect/flask_framework/venvs/flask_framwork_project/lib/python3.13/site-packages/flask/app.py", line 919, in full_dispatch_request
    rv = self.handle_user_exception(e)
  File "/Users/parkjiyon/Desktop/MSAI6/GitHubConnect/flask_framework/venvs/flask_framwork_project/lib/python3.13/site-packages/flask/app.py", line 917, in full_dispatch_request
    rv = self.dispatch_request()
  File "/Users/parkjiyon/Desktop/MSAI6/GitHubConnect/flask_framework/venvs/flask_framwork_project/lib/python3.13/site-packages/flask/app.py", line 902, in dispatch_request
    return self.ensure_sync(self.view_functions[rule.endpoint])(**view_args)  # type: ignore[no-any-return]
           ~~~~~~~~~~~~~~~~~~~~~~~~~~~~~~~~~~~~~~~~~~~~~~~~~~~~^^^^^^^^^^^^^
  File "/Users/parkjiyon/Desktop/MSAI6/GitHubConnect/flask_framework/flask_framework_project/app/views/mypage_view.py", line 10, in my_questions
    my_questions = Question.query.filter_by(author=g.user).order_by(Question.create_date.desc()).all()
                   ~~~~~~~~~~~~~~~~~~~~~~~~^^^^^^^^^^^^^^^
  File "/Users/parkjiyon/Desktop/MSAI6/GitHubConnect/flask_framework/venvs/flask_framwork_project/lib/python3.13/site-packages/sqlalchemy/orm/query.py", line 1992, in filter_by
    _entity_namespace_key(from_entity, key) == value
    ~~~~~~~~~~~~~~~~~~~~~^^^^^^^^^^^^^^^^^^
  File "/Users/parkjiyon/Desktop/MSAI6/GitHubConnect/flask_framework/venvs/flask_framwork_project/lib/python3.13/site-packages/sqlalchemy/sql/base.py", line 2183, in _entity_namespace_key
    raise exc.InvalidRequestError(
        'Entity namespace for "%s" has no property "%s"' % (entity, key)
    ) from err
sqlalchemy.exc.InvalidRequestError: Entity namespace for "question" has no property "author"
app이 구동되었음
메인페이지 접근
qlist() 함수
app이 구동되었음
메인페이지 접근
qlist() 함수
메인페이지 접근
qlist() 함수
메인페이지 접근
qlist() 함수
app이 구동되었음
메인페이지 접근
qlist() 함수
app이 구동되었음
메인페이지 접근
qlist() 함수
app이 구동되었음
메인페이지 접근
qlist() 함수
메인페이지 접근
qlist() 함수
app이 구동되었음
메인페이지 접근
qlist() 함수
메인페이지 접근
qlist() 함수
